15/11/2022 01:21:48 [INFO]: Aplicacao iniciada
15/11/2022 01:21:48 [INFO]: Procurando arquivo de configuracao
15/11/2022 01:21:57 [INFO]: Requisicao de banco por: administrador
15/11/2022 01:22:00 [INFO]: Thread iniciada
15/11/2022 01:22:01 [INFO]: Digital do usuario presente
15/11/2022 01:22:02 [INFO]: Digitais verificadas
15/11/2022 01:22:02 [INFO]: Usuario: administrador autenticado com sucesso
15/11/2022 01:27:24 [INFO]: Aplicacao iniciada
15/11/2022 01:27:24 [INFO]: Procurando arquivo de configuracao
15/11/2022 01:28:07 [INFO]: Requisicao de banco por: administrador
15/11/2022 01:29:16 [APPLICATION]: Erro inesperado de validacao
15/11/2022 01:29:20 [INFO]: Aplicacao iniciada
15/11/2022 01:29:20 [INFO]: Procurando arquivo de configuracao
15/11/2022 01:29:27 [INFO]: Requisicao de banco por: administrador
15/11/2022 01:29:46 [INFO]: Thread iniciada
15/11/2022 01:29:47 [INFO]: Digital do usuario presente
15/11/2022 01:30:00 [INFO]: Digitais verificadas
15/11/2022 01:30:00 [INFO]: Usuario: administrador autenticado com sucesso
15/11/2022 11:40:09 [INFO]: Aplicacao iniciada
15/11/2022 11:40:09 [INFO]: Procurando arquivo de configuracao
15/11/2022 11:40:15 [INFO]: Requisicao de banco por: administrador
15/11/2022 11:40:18 [INFO]: Thread iniciada
15/11/2022 11:40:20 [INFO]: Digital do usuario presente
15/11/2022 11:40:22 [INFO]: Digitais verificadas
15/11/2022 11:40:22 [INFO]: Usuario: administrador autenticado com sucesso
15/11/2022 11:41:22 [INFO]: Aplicacao iniciada
15/11/2022 11:41:22 [INFO]: Procurando arquivo de configuracao
15/11/2022 11:41:31 [INFO]: Requisicao de banco por: addministrador
15/11/2022 11:41:31 [ERRO]: Acesso negado para: addministrador
15/11/2022 11:41:43 [INFO]: Aplicacao iniciada
15/11/2022 11:41:43 [INFO]: Procurando arquivo de configuracao
15/11/2022 11:41:48 [INFO]: Requisicao de banco por: administrador
15/11/2022 11:41:51 [INFO]: Thread iniciada
15/11/2022 11:41:52 [INFO]: Digital do usuario presente
15/11/2022 11:41:53 [INFO]: Digitais verificadas
15/11/2022 11:41:53 [INFO]: Usuario: administrador autenticado com sucesso
15/11/2022 11:44:33 [INFO]: Aplicacao iniciada
15/11/2022 11:44:33 [INFO]: Procurando arquivo de configuracao
15/11/2022 11:44:40 [INFO]: Requisicao de banco por: administrador
15/11/2022 11:44:43 [INFO]: Thread iniciada
15/11/2022 11:44:44 [INFO]: Digital do usuario presente
15/11/2022 11:44:46 [INFO]: Digitais verificadas
15/11/2022 11:44:46 [INFO]: Usuario: administrador autenticado com sucesso
15/11/2022 11:46:23 [INFO]: Aplicacao iniciada
15/11/2022 11:46:23 [INFO]: Procurando arquivo de configuracao
15/11/2022 11:46:29 [INFO]: Requisicao de banco por: ADMINISTRADOR
15/11/2022 11:46:29 [ERRO]: Acesso negado para: ADMINISTRADOR
15/11/2022 11:48:32 [INFO]: Aplicacao iniciada
15/11/2022 11:48:32 [INFO]: Procurando arquivo de configuracao
15/11/2022 11:48:38 [INFO]: Requisicao de banco por: administrador
15/11/2022 11:48:38 [ERRO]: Acesso negado para: ADMINISTRADOR
15/11/2022 11:49:06 [INFO]: Aplicacao iniciada
15/11/2022 11:49:06 [INFO]: Procurando arquivo de configuracao
15/11/2022 11:49:14 [INFO]: Requisicao de banco por: administrador
15/11/2022 11:49:16 [INFO]: Thread iniciada
15/11/2022 11:49:17 [INFO]: Digital do usuario presente
15/11/2022 11:49:20 [INFO]: Digitais verificadas
15/11/2022 11:49:20 [INFO]: Usuario: Administrador autenticado com sucesso
15/11/2022 11:49:43 [INFO]: Aplicacao iniciada
15/11/2022 11:49:43 [INFO]: Procurando arquivo de configuracao
15/11/2022 11:49:49 [INFO]: Requisicao de banco por: administrador
15/11/2022 11:49:51 [INFO]: Thread iniciada
15/11/2022 11:49:52 [INFO]: Digital do usuario presente
15/11/2022 11:49:53 [INFO]: Digitais verificadas
15/11/2022 11:49:53 [INFO]: Usuario: administrador autenticado com sucesso
15/11/2022 11:50:12 [INFO]: Aplicacao iniciada
15/11/2022 11:50:12 [INFO]: Procurando arquivo de configuracao
15/11/2022 11:50:19 [INFO]: Requisicao de banco por: administrador
15/11/2022 11:50:22 [INFO]: Thread iniciada
15/11/2022 11:50:23 [INFO]: Digital do usuario presente
15/11/2022 11:50:24 [INFO]: Digitais verificadas
15/11/2022 11:50:24 [INFO]: Usuario: administrador autenticado com sucesso
15/11/2022 11:50:34 [INFO]: Aplicacao iniciada
15/11/2022 11:50:34 [INFO]: Procurando arquivo de configuracao
15/11/2022 11:50:39 [INFO]: Requisicao de banco por: administrador
15/11/2022 11:50:41 [INFO]: Thread iniciada
15/11/2022 11:50:43 [INFO]: Digital do usuario presente
15/11/2022 11:50:44 [INFO]: Digitais verificadas
15/11/2022 11:50:44 [INFO]: Usuario: administrador autenticado com sucesso
15/11/2022 11:51:01 [INFO]: Aplicacao iniciada
15/11/2022 11:51:01 [INFO]: Procurando arquivo de configuracao
15/11/2022 11:51:07 [INFO]: Requisicao de banco por: administrador
15/11/2022 11:51:09 [INFO]: Thread iniciada
15/11/2022 11:51:10 [INFO]: Digital do usuario presente
15/11/2022 11:51:11 [INFO]: Digitais verificadas
15/11/2022 11:51:11 [INFO]: Usuario: administrador autenticado com sucesso
15/11/2022 11:51:22 [INFO]: Aplicacao iniciada
15/11/2022 11:51:22 [INFO]: Procurando arquivo de configuracao
15/11/2022 11:51:27 [INFO]: Requisicao de banco por: administrador
15/11/2022 11:51:29 [INFO]: Thread iniciada
15/11/2022 11:51:30 [INFO]: Digital do usuario presente
15/11/2022 11:51:31 [INFO]: Digitais verificadas
15/11/2022 11:51:31 [INFO]: Usuario: administrador autenticado com sucesso
15/11/2022 11:51:39 [INFO]: Aplicacao iniciada
15/11/2022 11:51:39 [INFO]: Procurando arquivo de configuracao
15/11/2022 11:51:45 [INFO]: Requisicao de banco por: administrador
15/11/2022 11:51:48 [INFO]: Thread iniciada
15/11/2022 11:51:49 [INFO]: Digital do usuario presente
15/11/2022 11:51:50 [INFO]: Digitais verificadas
15/11/2022 11:51:50 [INFO]: Usuario: administrador autenticado com sucesso
15/11/2022 11:51:59 [INFO]: Aplicacao iniciada
15/11/2022 11:51:59 [INFO]: Procurando arquivo de configuracao
15/11/2022 11:52:05 [INFO]: Requisicao de banco por: administrador
15/11/2022 11:52:08 [INFO]: Thread iniciada
15/11/2022 11:52:09 [INFO]: Digital do usuario presente
15/11/2022 11:52:10 [INFO]: Digitais verificadas
15/11/2022 11:52:10 [INFO]: Usuario: administrador autenticado com sucesso
15/11/2022 11:52:20 [INFO]: Aplicacao iniciada
15/11/2022 11:52:20 [INFO]: Procurando arquivo de configuracao
15/11/2022 11:52:28 [INFO]: Requisicao de banco por: administrador
15/11/2022 11:52:30 [INFO]: Thread iniciada
15/11/2022 11:52:31 [INFO]: Digital do usuario presente
15/11/2022 11:52:33 [INFO]: Digitais verificadas
15/11/2022 11:52:33 [INFO]: Usuario: administrador autenticado com sucesso
15/11/2022 11:59:16 [INFO]: Aplicacao iniciada
15/11/2022 11:59:16 [INFO]: Procurando arquivo de configuracao
15/11/2022 11:59:24 [INFO]: Requisicao de banco por: administrador
15/11/2022 11:59:26 [INFO]: Thread iniciada
15/11/2022 11:59:27 [INFO]: Digital do usuario presente
15/11/2022 11:59:29 [INFO]: Digitais verificadas
15/11/2022 11:59:29 [INFO]: Usuario: administrador autenticado com sucesso
15/11/2022 20:51:42 [INFO]: Aplicacao iniciada
15/11/2022 20:51:42 [INFO]: Procurando arquivo de configuracao
15/11/2022 20:51:45 [INFO]: Requisicao de banco por: asdasd
15/11/2022 20:51:45 [ERRO]: Acesso negado para: asdasd
15/11/2022 20:59:25 [INFO]: Aplicacao iniciada
15/11/2022 20:59:25 [INFO]: Procurando arquivo de configuracao
15/11/2022 20:59:31 [INFO]: Requisicao de banco por: administrador
15/11/2022 20:59:34 [INFO]: Thread iniciada
15/11/2022 20:59:35 [INFO]: Digital do usuario presente
15/11/2022 20:59:37 [INFO]: Digitais verificadas
15/11/2022 20:59:37 [INFO]: Usuario: administrador autenticado com sucesso
